Arguments: 
  C:\Program Files\nodejs\node.exe C:\Program Files (x86)\Yarn\bin\yarn.js add cors

PATH: 
  C:\Python27\;C:\Python27\Scripts;C:\Windows\system32;C:\Windows;C:\Windows\System32\Wbem;C:\Windows\System32\WindowsPowerShell\v1.0\;C:\Windows\System32\OpenSSH\;C:\Program Files (x86)\NVIDIA Corporation\PhysX\Common;C:\Program Files\NVIDIA Corporation\NVIDIA NvDLISR;C:\ProgramData\chocolatey\bin;C:\Program Files (x86)\Yarn\bin\;C:\Program Files\Crucial\Crucial Storage Executive;C:\Program Files\Git\cmd;C:\Program Files\Java\jdk1.8.0_211\bin;C:\Program Files\PostgreSQL\12\bin;C:\Program Files\nodejs\;C:\Users\russk\AppData\Local\Microsoft\WindowsApps;C:\Users\russk\AppData\Local\Programs\Microsoft VS Code\bin;C:\Users\russk\AppData\Local\Yarn\bin;C:\Android\Sdk\emulator;C:\Android\Sdk\tools;C:\Android\Sdk\tools\bin;C:\Android\Sdk\platform-tools;C:\Users\russk\AppData\Roaming\npm

Yarn version: 
  1.22.4

Node version: 
  12.18.0

Platform: 
  win32 x64

Trace: 
  Error: EPERM: operation not permitted, unlink 'C:\Users\russk\Documents\Projetos\My Clean Place\api\node_modules\sqlite3\lib\binding\node-v72-win32-x64\node_sqlite3.node'

npm manifest: 
  {
    "name": "api",
    "version": "1.0.0",
    "main": "index.js",
    "scripts": {
      "dev": "ts-node-dev --transpileOnly --ignore-watch node_modules src/server.ts",
      "knexs": "knex --knexfile knexfile.ts seed:run",
      "knexm": "knex --knexfile knexfile.ts migrate:latest"
    },
    "license": "MIT",
    "dependencies": {
      "express": "^4.17.1",
      "knex": "^0.21.1",
      "node": "^12.18.0",
      "node-pre-gyp": "^0.15.0",
      "sqlite3": "^4.2.0"
    },
    "devDependencies": {
      "@types/express": "^4.17.6",
      "ts-node": "^8.10.2",
      "ts-node-dev": "^1.0.0-pre.44",
      "typescript": "^3.9.3"
    }
  }

yarn manifest: 
  No manifest

Lockfile: 
  No lockfile
